<?xml version="1.0" encoding="UTF-8"?>
<!-- Generated by org.testng.reporters.JUnitXMLReporter -->
<testsuite hostname="Mikitas-MacBook-Air.local" tests="6" failures="0" timestamp="28 Aug 2015 01:55:56 GMT" time="10.04" errors="0">
  <testcase name="testBundleDealTab" time="0.316" classname="Test1"/>
  <testcase name="testCarTab" time="0.215" classname="Test1"/>
  <testcase name="testCruiseTab" time="0.212" classname="Test1"/>
  <testcase name="testFlightsTab" time="0.767" classname="Test1"/>
  <testcase name="testHotelsTab" time="0.18" classname="Test1"/>
  <testcase name="testThingsToDoTab" time="0.237" classname="Test1"/>
</testsuite>
